{"C:\\Users\\yotam\\OneDrive\\שולחן העבודה\\3rd Year Projects\\myapp1\\server.js": {"path":"C:\\Users\\yotam\\OneDrive\\שולחן העבודה\\3rd Year Projects\\myapp1\\server.js","statementMap":{"0":{"start":{"line":1,"column":16},"end":{"line":1,"column":34}},"1":{"start":{"line":2,"column":12},"end":{"line":2,"column":21}},"2":{"start":{"line":3,"column":14},"end":{"line":3,"column":40}},"3":{"start":{"line":4,"column":15},"end":{"line":4,"column":34}},"4":{"start":{"line":9,"column":16},"end":{"line":31,"column":1}},"5":{"start":{"line":10,"column":0},"end":{"line":30,"column":6}},"6":{"start":{"line":12,"column":13},"end":{"line":12,"column":32}},"7":{"start":{"line":13,"column":4},"end":{"line":13,"column":48}},"8":{"start":{"line":13,"column":26},"end":{"line":13,"column":46}},"9":{"start":{"line":14,"column":4},"end":{"line":14,"column":57}},"10":{"start":{"line":14,"column":23},"end":{"line":14,"column":56}},"11":{"start":{"line":15,"column":4},"end":{"line":29,"column":6}},"12":{"start":{"line":17,"column":25},"end":{"line":17,"column":47}},"13":{"start":{"line":18,"column":8},"end":{"line":18,"column":35}},"14":{"start":{"line":19,"column":8},"end":{"line":19,"column":56}},"15":{"start":{"line":21,"column":26},"end":{"line":21,"column":58}},"16":{"start":{"line":22,"column":8},"end":{"line":22,"column":37}},"17":{"start":{"line":24,"column":30},"end":{"line":24,"column":64}},"18":{"start":{"line":25,"column":8},"end":{"line":25,"column":42}},"19":{"start":{"line":27,"column":8},"end":{"line":27,"column":20}},"20":{"start":{"line":34,"column":0},"end":{"line":34,"column":24}}},"fnMap":{"0":{"name":"(anonymous_0)","decl":{"start":{"line":9,"column":16},"end":{"line":9,"column":17}},"loc":{"start":{"line":9,"column":20},"end":{"line":31,"column":1}},"line":9},"1":{"name":"(anonymous_1)","decl":{"start":{"line":10,"column":19},"end":{"line":10,"column":20}},"loc":{"start":{"line":10,"column":37},"end":{"line":30,"column":5}},"line":10},"2":{"name":"(anonymous_2)","decl":{"start":{"line":13,"column":18},"end":{"line":13,"column":19}},"loc":{"start":{"line":13,"column":25},"end":{"line":13,"column":47}},"line":13},"3":{"name":"(anonymous_3)","decl":{"start":{"line":14,"column":19},"end":{"line":14,"column":20}},"loc":{"start":{"line":14,"column":23},"end":{"line":14,"column":56}},"line":14},"4":{"name":"(anonymous_4)","decl":{"start":{"line":15,"column":52},"end":{"line":15,"column":53}},"loc":{"start":{"line":15,"column":56},"end":{"line":29,"column":5}},"line":15}},"branchMap":{},"s":{"0":1,"1":1,"2":1,"3":1,"4":1,"5":1,"6":1,"7":1,"8":0,"9":1,"10":1,"11":1,"12":1,"13":1,"14":1,"15":1,"16":1,"17":1,"18":1,"19":1,"20":1},"f":{"0":1,"1":1,"2":0,"3":1,"4":1},"b":{},"_coverageSchema":"1a1c01bbd47fc00a2c39e90264f33305004495a9","hash":"fede5575f1300801c95bb884f529177f9cdd0291"}
,"C:\\Users\\yotam\\OneDrive\\שולחן העבודה\\3rd Year Projects\\myapp1\\controllers\\comments.js": {"path":"C:\\Users\\yotam\\OneDrive\\שולחן העבודה\\3rd Year Projects\\myapp1\\controllers\\comments.js","statementMap":{"0":{"start":{"line":1,"column":18},"end":{"line":1,"column":36}},"1":{"start":{"line":2,"column":18},"end":{"line":2,"column":53}},"2":{"start":{"line":3,"column":20},"end":{"line":3,"column":55}},"3":{"start":{"line":4,"column":21},"end":{"line":4,"column":56}},"4":{"start":{"line":6,"column":17},"end":{"line":19,"column":1}},"5":{"start":{"line":7,"column":24},"end":{"line":7,"column":37}},"6":{"start":{"line":8,"column":22},"end":{"line":8,"column":31}},"7":{"start":{"line":9,"column":4},"end":{"line":17,"column":5}},"8":{"start":{"line":10,"column":21},"end":{"line":10,"column":63}},"9":{"start":{"line":11,"column":8},"end":{"line":11,"column":34}},"10":{"start":{"line":15,"column":21},"end":{"line":15,"column":60}},"11":{"start":{"line":16,"column":8},"end":{"line":16,"column":34}},"12":{"start":{"line":21,"column":22},"end":{"line":28,"column":2}},"13":{"start":{"line":22,"column":19},"end":{"line":22,"column":27}},"14":{"start":{"line":23,"column":4},"end":{"line":26,"column":47}},"15":{"start":{"line":24,"column":26},"end":{"line":24,"column":60}},"16":{"start":{"line":25,"column":8},"end":{"line":25,"column":38}},"17":{"start":{"line":26,"column":19},"end":{"line":26,"column":46}},"18":{"start":{"line":31,"column":23},"end":{"line":36,"column":1}},"19":{"start":{"line":32,"column":17},"end":{"line":32,"column":25}},"20":{"start":{"line":33,"column":17},"end":{"line":33,"column":112}},"21":{"start":{"line":34,"column":4},"end":{"line":34,"column":32}},"22":{"start":{"line":35,"column":4},"end":{"line":35,"column":29}},"23":{"start":{"line":39,"column":26},"end":{"line":43,"column":1}},"24":{"start":{"line":40,"column":17},"end":{"line":40,"column":68}},"25":{"start":{"line":41,"column":4},"end":{"line":41,"column":37}},"26":{"start":{"line":42,"column":4},"end":{"line":42,"column":34}},"27":{"start":{"line":46,"column":0},"end":{"line":51,"column":2}}},"fnMap":{"0":{"name":"(anonymous_0)","decl":{"start":{"line":6,"column":17},"end":{"line":6,"column":18}},"loc":{"start":{"line":6,"column":33},"end":{"line":19,"column":1}},"line":6},"1":{"name":"(anonymous_1)","decl":{"start":{"line":21,"column":22},"end":{"line":21,"column":23}},"loc":{"start":{"line":21,"column":38},"end":{"line":28,"column":2}},"line":21},"2":{"name":"(anonymous_2)","decl":{"start":{"line":31,"column":23},"end":{"line":31,"column":24}},"loc":{"start":{"line":31,"column":39},"end":{"line":36,"column":1}},"line":31},"3":{"name":"(anonymous_3)","decl":{"start":{"line":39,"column":26},"end":{"line":39,"column":27}},"loc":{"start":{"line":39,"column":43},"end":{"line":43,"column":1}},"line":39}},"branchMap":{"0":{"loc":{"start":{"line":9,"column":4},"end":{"line":17,"column":5}},"type":"if","locations":[{"start":{"line":9,"column":4},"end":{"line":17,"column":5}},{"start":{"line":14,"column":4},"end":{"line":17,"column":5}}],"line":9}},"s":{"0":1,"1":1,"2":1,"3":1,"4":1,"5":0,"6":0,"7":0,"8":0,"9":0,"10":0,"11":0,"12":1,"13":0,"14":0,"15":0,"16":0,"17":0,"18":1,"19":0,"20":0,"21":0,"22":0,"23":1,"24":0,"25":0,"26":0,"27":1},"f":{"0":0,"1":0,"2":0,"3":0},"b":{"0":[0,0]},"_coverageSchema":"1a1c01bbd47fc00a2c39e90264f33305004495a9","hash":"16144fa7fd30410f4da47610d780bfa656510f44"}
,"C:\\Users\\yotam\\OneDrive\\שולחן העבודה\\3rd Year Projects\\myapp1\\controllers\\post.js": {"path":"C:\\Users\\yotam\\OneDrive\\שולחן העבודה\\3rd Year Projects\\myapp1\\controllers\\post.js","statementMap":{"0":{"start":{"line":1,"column":18},"end":{"line":1,"column":36}},"1":{"start":{"line":2,"column":18},"end":{"line":2,"column":50}},"2":{"start":{"line":3,"column":20},"end":{"line":3,"column":52}},"3":{"start":{"line":5,"column":19},"end":{"line":11,"column":1}},"4":{"start":{"line":6,"column":4},"end":{"line":9,"column":55}},"5":{"start":{"line":7,"column":20},"end":{"line":7,"column":42}},"6":{"start":{"line":8,"column":8},"end":{"line":8,"column":36}},"7":{"start":{"line":9,"column":19},"end":{"line":9,"column":54}},"8":{"start":{"line":13,"column":23},"end":{"line":25,"column":1}},"9":{"start":{"line":14,"column":22},"end":{"line":14,"column":31}},"10":{"start":{"line":15,"column":4},"end":{"line":23,"column":5}},"11":{"start":{"line":16,"column":21},"end":{"line":16,"column":43}},"12":{"start":{"line":17,"column":8},"end":{"line":17,"column":34}},"13":{"start":{"line":21,"column":21},"end":{"line":21,"column":56}},"14":{"start":{"line":22,"column":8},"end":{"line":22,"column":34}},"15":{"start":{"line":27,"column":18},"end":{"line":34,"column":1}},"16":{"start":{"line":28,"column":15},"end":{"line":28,"column":23}},"17":{"start":{"line":29,"column":3},"end":{"line":32,"column":46}},"18":{"start":{"line":30,"column":22},"end":{"line":30,"column":50}},"19":{"start":{"line":31,"column":7},"end":{"line":31,"column":37}},"20":{"start":{"line":32,"column":18},"end":{"line":32,"column":45}},"21":{"start":{"line":36,"column":22},"end":{"line":40,"column":1}},"22":{"start":{"line":37,"column":17},"end":{"line":37,"column":65}},"23":{"start":{"line":38,"column":4},"end":{"line":38,"column":37}},"24":{"start":{"line":39,"column":4},"end":{"line":39,"column":34}},"25":{"start":{"line":42,"column":23},"end":{"line":46,"column":1}},"26":{"start":{"line":43,"column":17},"end":{"line":43,"column":47}},"27":{"start":{"line":44,"column":4},"end":{"line":44,"column":40}},"28":{"start":{"line":45,"column":4},"end":{"line":45,"column":47}},"29":{"start":{"line":48,"column":19},"end":{"line":53,"column":1}},"30":{"start":{"line":49,"column":17},"end":{"line":49,"column":25}},"31":{"start":{"line":50,"column":17},"end":{"line":50,"column":122}},"32":{"start":{"line":51,"column":4},"end":{"line":51,"column":32}},"33":{"start":{"line":52,"column":4},"end":{"line":52,"column":29}},"34":{"start":{"line":55,"column":0},"end":{"line":62,"column":2}}},"fnMap":{"0":{"name":"(anonymous_0)","decl":{"start":{"line":5,"column":19},"end":{"line":5,"column":20}},"loc":{"start":{"line":5,"column":35},"end":{"line":11,"column":1}},"line":5},"1":{"name":"(anonymous_1)","decl":{"start":{"line":13,"column":23},"end":{"line":13,"column":24}},"loc":{"start":{"line":13,"column":39},"end":{"line":25,"column":1}},"line":13},"2":{"name":"(anonymous_2)","decl":{"start":{"line":27,"column":18},"end":{"line":27,"column":19}},"loc":{"start":{"line":27,"column":34},"end":{"line":34,"column":1}},"line":27},"3":{"name":"(anonymous_3)","decl":{"start":{"line":36,"column":22},"end":{"line":36,"column":23}},"loc":{"start":{"line":36,"column":39},"end":{"line":40,"column":1}},"line":36},"4":{"name":"(anonymous_4)","decl":{"start":{"line":42,"column":23},"end":{"line":42,"column":24}},"loc":{"start":{"line":42,"column":39},"end":{"line":46,"column":1}},"line":42},"5":{"name":"(anonymous_5)","decl":{"start":{"line":48,"column":19},"end":{"line":48,"column":20}},"loc":{"start":{"line":48,"column":35},"end":{"line":53,"column":1}},"line":48}},"branchMap":{"0":{"loc":{"start":{"line":15,"column":4},"end":{"line":23,"column":5}},"type":"if","locations":[{"start":{"line":15,"column":4},"end":{"line":23,"column":5}},{"start":{"line":20,"column":4},"end":{"line":23,"column":5}}],"line":15}},"s":{"0":1,"1":1,"2":1,"3":1,"4":0,"5":0,"6":0,"7":0,"8":1,"9":1,"10":1,"11":1,"12":1,"13":0,"14":0,"15":1,"16":1,"17":1,"18":1,"19":1,"20":0,"21":1,"22":0,"23":0,"24":0,"25":1,"26":0,"27":0,"28":0,"29":1,"30":0,"31":0,"32":0,"33":0,"34":1},"f":{"0":0,"1":1,"2":1,"3":0,"4":0,"5":0},"b":{"0":[1,0]},"_coverageSchema":"1a1c01bbd47fc00a2c39e90264f33305004495a9","hash":"e4587bce2c6fcacda26e16398bf8b99ff5d486d5"}
,"C:\\Users\\yotam\\OneDrive\\שולחן העבודה\\3rd Year Projects\\myapp1\\models\\comments_model.js": {"path":"C:\\Users\\yotam\\OneDrive\\שולחן העבודה\\3rd Year Projects\\myapp1\\models\\comments_model.js","statementMap":{"0":{"start":{"line":1,"column":17},"end":{"line":1,"column":39}},"1":{"start":{"line":2,"column":30},"end":{"line":2,"column":49}},"2":{"start":{"line":3,"column":15},"end":{"line":3,"column":34}},"3":{"start":{"line":6,"column":22},"end":{"line":15,"column":2}},"4":{"start":{"line":17,"column":19},"end":{"line":17,"column":58}},"5":{"start":{"line":18,"column":0},"end":{"line":18,"column":28}}},"fnMap":{},"branchMap":{},"s":{"0":1,"1":1,"2":1,"3":1,"4":1,"5":1},"f":{},"b":{},"_coverageSchema":"1a1c01bbd47fc00a2c39e90264f33305004495a9","hash":"2607d5410bfe4c361123895715a9061ace58a057"}
,"C:\\Users\\yotam\\OneDrive\\שולחן העבודה\\3rd Year Projects\\myapp1\\models\\posts_model.js": {"path":"C:\\Users\\yotam\\OneDrive\\שולחן העבודה\\3rd Year Projects\\myapp1\\models\\posts_model.js","statementMap":{"0":{"start":{"line":1,"column":17},"end":{"line":1,"column":39}},"1":{"start":{"line":2,"column":30},"end":{"line":2,"column":49}},"2":{"start":{"line":3,"column":15},"end":{"line":3,"column":34}},"3":{"start":{"line":6,"column":18},"end":{"line":16,"column":2}},"4":{"start":{"line":17,"column":16},"end":{"line":17,"column":49}},"5":{"start":{"line":18,"column":0},"end":{"line":18,"column":25}}},"fnMap":{},"branchMap":{},"s":{"0":1,"1":1,"2":1,"3":1,"4":1,"5":1},"f":{},"b":{},"_coverageSchema":"1a1c01bbd47fc00a2c39e90264f33305004495a9","hash":"138841f693522c0d64a47c81dc56bbb1d196e297"}
,"C:\\Users\\yotam\\OneDrive\\שולחן העבודה\\3rd Year Projects\\myapp1\\routes\\comment_routes.js": {"path":"C:\\Users\\yotam\\OneDrive\\שולחן העבודה\\3rd Year Projects\\myapp1\\routes\\comment_routes.js","statementMap":{"0":{"start":{"line":1,"column":14},"end":{"line":1,"column":32}},"1":{"start":{"line":2,"column":14},"end":{"line":2,"column":30}},"2":{"start":{"line":3,"column":16},"end":{"line":3,"column":50}},"3":{"start":{"line":5,"column":0},"end":{"line":5,"column":36}},"4":{"start":{"line":7,"column":0},"end":{"line":7,"column":39}},"5":{"start":{"line":9,"column":0},"end":{"line":9,"column":40}},"6":{"start":{"line":11,"column":0},"end":{"line":11,"column":48}},"7":{"start":{"line":14,"column":0},"end":{"line":14,"column":22}}},"fnMap":{},"branchMap":{},"s":{"0":1,"1":1,"2":1,"3":1,"4":1,"5":1,"6":1,"7":1},"f":{},"b":{},"_coverageSchema":"1a1c01bbd47fc00a2c39e90264f33305004495a9","hash":"9fcd194ce39aecb66f08942c6a3e04135066b1bd"}
,"C:\\Users\\yotam\\OneDrive\\שולחן העבודה\\3rd Year Projects\\myapp1\\routes\\posts_routes.js": {"path":"C:\\Users\\yotam\\OneDrive\\שולחן העבודה\\3rd Year Projects\\myapp1\\routes\\posts_routes.js","statementMap":{"0":{"start":{"line":1,"column":14},"end":{"line":1,"column":32}},"1":{"start":{"line":2,"column":14},"end":{"line":2,"column":30}},"2":{"start":{"line":3,"column":12},"end":{"line":3,"column":42}},"3":{"start":{"line":5,"column":0},"end":{"line":5,"column":38}},"4":{"start":{"line":7,"column":0},"end":{"line":7,"column":33}},"5":{"start":{"line":9,"column":0},"end":{"line":9,"column":34}},"6":{"start":{"line":11,"column":0},"end":{"line":11,"column":39}},"7":{"start":{"line":13,"column":0},"end":{"line":13,"column":42}},"8":{"start":{"line":16,"column":0},"end":{"line":16,"column":22}}},"fnMap":{},"branchMap":{},"s":{"0":1,"1":1,"2":1,"3":1,"4":1,"5":1,"6":1,"7":1,"8":1},"f":{},"b":{},"_coverageSchema":"1a1c01bbd47fc00a2c39e90264f33305004495a9","hash":"a7799e3d5f208db068f6d4a27fcc906c6b51983b"}
}
